<?xml version="1.0" encoding="UTF-8"?>
<robot generator="Robot 6.1.1 (Python 3.12.3 on win32)" generated="20241116 10:04:35.421" rpa="false" schemaversion="4">
<suite id="s1" name="Tests" source="C:\Users\lumiv\OneDrive\Hki Uni CompSci\2024-4 OHTU\palautusrepositorio\viikko3\hello-robot\src\tests">
<suite id="s1-s1" name="Increase Counter" source="C:\Users\lumiv\OneDrive\Hki Uni CompSci\2024-4 OHTU\palautusrepositorio\viikko3\hello-robot\src\tests\increase_counter.robot">
<test id="s1-s1-t1" name="Increase Counter Once" line="5">
<kw name="Counter Value Should Be" library="CounterLibrary">
<arg>0</arg>
<status status="PASS" starttime="20241116 10:04:35.451" endtime="20241116 10:04:35.451"/>
</kw>
<kw name="Increase Counter" library="CounterLibrary">
<status status="PASS" starttime="20241116 10:04:35.451" endtime="20241116 10:04:35.451"/>
</kw>
<kw name="Counter Value Should Be" library="CounterLibrary">
<arg>1</arg>
<status status="PASS" starttime="20241116 10:04:35.451" endtime="20241116 10:04:35.451"/>
</kw>
<status status="PASS" starttime="20241116 10:04:35.451" endtime="20241116 10:04:35.452"/>
</test>
<test id="s1-s1-t2" name="Increase Counter Many Times" line="10">
<kw name="Counter Value Should Be" library="CounterLibrary">
<arg>0</arg>
<status status="PASS" starttime="20241116 10:04:35.452" endtime="20241116 10:04:35.452"/>
</kw>
<kw name="Increase Counter" library="CounterLibrary">
<status status="PASS" starttime="20241116 10:04:35.452" endtime="20241116 10:04:35.452"/>
</kw>
<kw name="Increase Counter" library="CounterLibrary">
<status status="PASS" starttime="20241116 10:04:35.452" endtime="20241116 10:04:35.452"/>
</kw>
<kw name="Increase Counter" library="CounterLibrary">
<status status="PASS" starttime="20241116 10:04:35.452" endtime="20241116 10:04:35.452"/>
</kw>
<kw name="Counter Value Should Be" library="CounterLibrary">
<arg>3</arg>
<status status="PASS" starttime="20241116 10:04:35.452" endtime="20241116 10:04:35.452"/>
</kw>
<status status="PASS" starttime="20241116 10:04:35.452" endtime="20241116 10:04:35.452"/>
</test>
<test id="s1-s1-t3" name="Increment Counter By Amount" line="17">
<kw name="Counter Value Should Be" library="CounterLibrary">
<arg>0</arg>
<status status="PASS" starttime="20241116 10:04:35.453" endtime="20241116 10:04:35.453"/>
</kw>
<kw name="Increment Counter By" library="CounterLibrary">
<arg>5</arg>
<status status="PASS" starttime="20241116 10:04:35.453" endtime="20241116 10:04:35.453"/>
</kw>
<kw name="Counter Value Should Be" library="CounterLibrary">
<arg>5</arg>
<status status="PASS" starttime="20241116 10:04:35.453" endtime="20241116 10:04:35.453"/>
</kw>
<status status="PASS" starttime="20241116 10:04:35.452" endtime="20241116 10:04:35.453"/>
</test>
<test id="s1-s1-t4" name="Reset Counter After One Increment" line="22">
<kw name="Counter Value Should Be" library="CounterLibrary">
<arg>0</arg>
<status status="PASS" starttime="20241116 10:04:35.453" endtime="20241116 10:04:35.453"/>
</kw>
<kw name="Increase Counter" library="CounterLibrary">
<status status="PASS" starttime="20241116 10:04:35.453" endtime="20241116 10:04:35.453"/>
</kw>
<kw name="Counter Value Should Be" library="CounterLibrary">
<arg>1</arg>
<status status="PASS" starttime="20241116 10:04:35.453" endtime="20241116 10:04:35.454"/>
</kw>
<kw name="Reset Counter" library="CounterLibrary">
<status status="PASS" starttime="20241116 10:04:35.454" endtime="20241116 10:04:35.454"/>
</kw>
<kw name="Counter Value Should Be" library="CounterLibrary">
<arg>0</arg>
<status status="PASS" starttime="20241116 10:04:35.454" endtime="20241116 10:04:35.454"/>
</kw>
<status status="PASS" starttime="20241116 10:04:35.453" endtime="20241116 10:04:35.454"/>
</test>
<test id="s1-s1-t5" name="Reset Counter After Several Increments" line="29">
<kw name="Counter Value Should Be" library="CounterLibrary">
<arg>0</arg>
<status status="PASS" starttime="20241116 10:04:35.454" endtime="20241116 10:04:35.454"/>
</kw>
<kw name="Increment Counter By" library="CounterLibrary">
<arg>5</arg>
<status status="PASS" starttime="20241116 10:04:35.454" endtime="20241116 10:04:35.454"/>
</kw>
<kw name="Counter Value Should Be" library="CounterLibrary">
<arg>5</arg>
<status status="PASS" starttime="20241116 10:04:35.454" endtime="20241116 10:04:35.454"/>
</kw>
<kw name="Reset Counter" library="CounterLibrary">
<status status="PASS" starttime="20241116 10:04:35.454" endtime="20241116 10:04:35.454"/>
</kw>
<kw name="Counter Value Should Be" library="CounterLibrary">
<arg>0</arg>
<status status="PASS" starttime="20241116 10:04:35.454" endtime="20241116 10:04:35.454"/>
</kw>
<status status="PASS" starttime="20241116 10:04:35.454" endtime="20241116 10:04:35.455"/>
</test>
<status status="PASS" starttime="20241116 10:04:35.445" endtime="20241116 10:04:35.455"/>
</suite>
<status status="PASS" starttime="20241116 10:04:35.422" endtime="20241116 10:04:35.455"/>
</suite>
<statistics>
<total>
<stat pass="5" fail="0" skip="0">All Tests</stat>
</total>
<tag>
</tag>
<suite>
<stat pass="5" fail="0" skip="0" id="s1" name="Tests">Tests</stat>
<stat pass="5" fail="0" skip="0" id="s1-s1" name="Increase Counter">Tests.Increase Counter</stat>
</suite>
</statistics>
<errors>
</errors>
</robot>
